<?xml version="1.0" encoding="UTF-8"?>
<!-- Generated by org.testng.reporters.JUnitReportReporter -->
<testsuite hostname="DESKTOP-R51TC9L" failures="0" tests="1" name="project2.project2Class" time="0.003" errors="0" timestamp="2023-10-23T13:17:34 EET" skipped="0">
  <testcase classname="project2.project2Class" name="myTest" time="0.003"/>
  <system-out/>
</testsuite> <!-- project2.project2Class -->
